<?xml version="1.0" encoding="UTF-8"?>
<!-- Generated by org.testng.reporters.JUnitXMLReporter -->
<testsuite ignored="0" hostname="INAIRLT541343" failures="0" tests="6" name="TestNg practice sanity test" time="0.083" errors="0" timestamp="23 Apr 2023 08:41:14 GMT">
  <testcase classname="session2.ExpectedExceptionConcept" name="loginTest" time="0.016"/>
  <testcase classname="session2.PriorityTest" name="test2" time="0.002"/>
  <testcase classname="session2.PriorityTest" name="test4" time="0.001"/>
  <testcase classname="session2.PriorityTest" name="test3" time="0.003"/>
  <testcase classname="session2.PriorityTest" name="test5" time="0.002"/>
  <testcase classname="session2.PriorityTest" name="test1" time="0.002"/>
</testsuite> <!-- TestNg practice sanity test -->
