<?xml version="1.0" encoding="UTF-8"?>
<!-- Generated by org.testng.reporters.JUnitXMLReporter -->
<testsuite ignored="2" hostname="INAIRLT541343" failures="0" tests="16" name="TestNg practice test" time="0.095" errors="0" timestamp="23 Apr 2023 08:39:01 GMT">
  <testcase classname="session2.ExpectedExceptionConcept" name="loginTest" time="0.008"/>
  <testcase classname="session2.InvocationCountConcept" name="createUser" time="0.001"/>
  <testcase classname="session2.InvocationCountConcept" name="createUser" time="0.002"/>
  <testcase classname="session2.InvocationCountConcept" name="createUser" time="0.001"/>
  <testcase classname="session2.InvocationCountConcept" name="createUser" time="0.002"/>
  <testcase classname="session2.InvocationCountConcept" name="createUser" time="0.002"/>
  <testcase classname="session2.InvocationCountConcept" name="createUser" time="0.001"/>
  <testcase classname="session2.InvocationCountConcept" name="createUser" time="0.001"/>
  <testcase classname="session2.InvocationCountConcept" name="createUser" time="0.001"/>
  <testcase classname="session2.InvocationCountConcept" name="createUser" time="0.001"/>
  <testcase classname="session2.InvocationCountConcept" name="createUser" time="0.001"/>
  <testcase classname="session2.DependsOnMethod" name="loginTest" time="0.002"/>
  <testcase classname="session2.DependsOnMethod" name="loginTest" time="0.001"/>
  <testcase classname="session2.DependsOnMethod" name="loginTest" time="0.001"/>
  <testcase classname="session2.DependsOnMethod" name="loginTest" time="0.001"/>
  <testcase classname="session2.DependsOnMethod" name="loginTest" time="0.002"/>
  <testcase classname="session2.LoginTest" name="loginTest" time="0.0">
    <ignored/>
  </testcase> <!-- loginTest -->
  <testcase classname="session2.LoginTest" name="verifyTitleTest" time="0.0">
    <ignored/>
  </testcase> <!-- verifyTitleTest -->
</testsuite> <!-- TestNg practice test -->
